{"D:\\workspace\\pessoal\\node\\project-fair\\src\\app\\dto\\request\\feira.livre.request.ts": {"path":"D:\\workspace\\pessoal\\node\\project-fair\\src\\app\\dto\\request\\feira.livre.request.ts","statementMap":{"0":{"start":{"line":1,"column":0},"end":{"line":1,"column":116}},"1":{"start":{"line":2,"column":0},"end":{"line":2,"column":90}},"2":{"start":{"line":3,"column":0},"end":{"line":3,"column":53}},"3":{"start":{"line":4,"column":0},"end":{"line":4,"column":41}},"4":{"start":{"line":5,"column":0},"end":{"line":5,"column":64}},"5":{"start":{"line":6,"column":0},"end":{"line":6,"column":50}},"6":{"start":{"line":12,"column":4},"end":{"line":14,"column":null}},"7":{"start":{"line":16,"column":4},"end":{"line":18,"column":null}},"8":{"start":{"line":20,"column":4},"end":{"line":24,"column":null}},"9":{"start":{"line":26,"column":4},"end":{"line":30,"column":null}},"10":{"start":{"line":32,"column":4},"end":{"line":37,"column":null}},"11":{"start":{"line":39,"column":4},"end":{"line":41,"column":null}},"12":{"start":{"line":43,"column":4},"end":{"line":48,"column":null}},"13":{"start":{"line":50,"column":4},"end":{"line":52,"column":null}},"14":{"start":{"line":54,"column":4},"end":{"line":61,"column":null}},"15":{"start":{"line":58,"column":12},"end":{"line":58,"column":null}},"16":{"start":{"line":63,"column":4},"end":{"line":66,"column":null}},"17":{"start":{"line":68,"column":4},"end":{"line":72,"column":null}},"18":{"start":{"line":74,"column":4},"end":{"line":78,"column":null}},"19":{"start":{"line":80,"column":4},"end":{"line":85,"column":null}},"20":{"start":{"line":87,"column":4},"end":{"line":89,"column":null}},"21":{"start":{"line":91,"column":4},"end":{"line":93,"column":null}},"22":{"start":{"line":95,"column":4},"end":{"line":97,"column":null}},"23":{"start":{"line":99,"column":4},"end":{"line":101,"column":null}},"24":{"start":{"line":10,"column":0},"end":{"line":10,"column":13}},"25":{"start":{"line":104,"column":0},"end":{"line":104,"column":null}},"26":{"start":{"line":105,"column":4},"end":{"line":105,"column":null}},"27":{"start":{"line":106,"column":4},"end":{"line":106,"column":null}},"28":{"start":{"line":107,"column":4},"end":{"line":107,"column":null}},"29":{"start":{"line":119,"column":4},"end":{"line":119,"column":43}},"30":{"start":{"line":112,"column":4},"end":{"line":119,"column":null}},"31":{"start":{"line":116,"column":12},"end":{"line":116,"column":null}},"32":{"start":{"line":121,"column":4},"end":{"line":123,"column":null}},"33":{"start":{"line":125,"column":4},"end":{"line":127,"column":null}},"34":{"start":{"line":129,"column":4},"end":{"line":133,"column":null}},"35":{"start":{"line":135,"column":4},"end":{"line":139,"column":null}},"36":{"start":{"line":141,"column":4},"end":{"line":146,"column":null}},"37":{"start":{"line":148,"column":4},"end":{"line":150,"column":null}},"38":{"start":{"line":152,"column":4},"end":{"line":157,"column":null}},"39":{"start":{"line":159,"column":4},"end":{"line":161,"column":null}},"40":{"start":{"line":163,"column":4},"end":{"line":170,"column":null}},"41":{"start":{"line":167,"column":12},"end":{"line":167,"column":null}},"42":{"start":{"line":172,"column":4},"end":{"line":175,"column":null}},"43":{"start":{"line":177,"column":4},"end":{"line":181,"column":null}},"44":{"start":{"line":183,"column":4},"end":{"line":187,"column":null}},"45":{"start":{"line":189,"column":4},"end":{"line":194,"column":null}},"46":{"start":{"line":196,"column":4},"end":{"line":198,"column":null}},"47":{"start":{"line":200,"column":4},"end":{"line":202,"column":null}},"48":{"start":{"line":204,"column":4},"end":{"line":206,"column":null}},"49":{"start":{"line":208,"column":4},"end":{"line":210,"column":null}},"50":{"start":{"line":110,"column":0},"end":{"line":110,"column":13}},"51":{"start":{"line":214,"column":4},"end":{"line":215,"column":null}},"52":{"start":{"line":213,"column":0},"end":{"line":213,"column":13}},"53":{"start":{"line":220,"column":4},"end":{"line":222,"column":null}},"54":{"start":{"line":224,"column":4},"end":{"line":226,"column":null}},"55":{"start":{"line":228,"column":4},"end":{"line":232,"column":null}},"56":{"start":{"line":234,"column":4},"end":{"line":238,"column":null}},"57":{"start":{"line":240,"column":4},"end":{"line":245,"column":null}},"58":{"start":{"line":247,"column":4},"end":{"line":249,"column":null}},"59":{"start":{"line":251,"column":4},"end":{"line":256,"column":null}},"60":{"start":{"line":258,"column":4},"end":{"line":260,"column":null}},"61":{"start":{"line":262,"column":4},"end":{"line":269,"column":null}},"62":{"start":{"line":266,"column":12},"end":{"line":266,"column":null}},"63":{"start":{"line":271,"column":4},"end":{"line":274,"column":null}},"64":{"start":{"line":276,"column":4},"end":{"line":280,"column":null}},"65":{"start":{"line":282,"column":4},"end":{"line":286,"column":null}},"66":{"start":{"line":288,"column":4},"end":{"line":293,"column":null}},"67":{"start":{"line":295,"column":4},"end":{"line":297,"column":null}},"68":{"start":{"line":299,"column":4},"end":{"line":301,"column":null}},"69":{"start":{"line":303,"column":4},"end":{"line":305,"column":null}},"70":{"start":{"line":307,"column":4},"end":{"line":309,"column":null}},"71":{"start":{"line":218,"column":0},"end":{"line":218,"column":13}}},"fnMap":{"0":{"name":"(anonymous_2)","decl":{"start":{"line":57,"column":17},"end":{"line":57,"column":18}},"loc":{"start":{"line":57,"column":41},"end":{"line":59,"column":9}}},"1":{"name":"(anonymous_3)","decl":{"start":{"line":104,"column":0},"end":{"line":104,"column":12}},"loc":{"start":{"line":104,"column":31},"end":{"line":108,"column":1}}},"2":{"name":"(anonymous_4)","decl":{"start":{"line":110,"column":0},"end":{"line":110,"column":13}},"loc":{"start":{"line":110,"column":0},"end":{"line":211,"column":1}}},"3":{"name":"(anonymous_5)","decl":{"start":{"line":115,"column":17},"end":{"line":115,"column":18}},"loc":{"start":{"line":115,"column":41},"end":{"line":117,"column":9}}},"4":{"name":"(anonymous_6)","decl":{"start":{"line":166,"column":17},"end":{"line":166,"column":18}},"loc":{"start":{"line":166,"column":41},"end":{"line":168,"column":9}}},"5":{"name":"(anonymous_7)","decl":{"start":{"line":265,"column":17},"end":{"line":265,"column":18}},"loc":{"start":{"line":265,"column":41},"end":{"line":267,"column":9}}}},"branchMap":{"0":{"loc":{"start":{"line":104,"column":12},"end":{"line":104,"column":null}},"type":"binary-expr","locations":[{"start":{"line":104,"column":12},"end":{"line":104,"column":31}},{"start":{"line":104,"column":12},"end":{"line":104,"column":null}}]}},"s":{"0":3,"1":3,"2":3,"3":3,"4":3,"5":3,"6":3,"7":3,"8":3,"9":3,"10":3,"11":3,"12":3,"13":3,"14":3,"15":1,"16":3,"17":3,"18":3,"19":3,"20":3,"21":3,"22":3,"23":3,"24":3,"25":3,"26":3,"27":3,"28":3,"29":7,"30":3,"31":1,"32":3,"33":3,"34":3,"35":3,"36":3,"37":3,"38":3,"39":3,"40":3,"41":0,"42":3,"43":3,"44":3,"45":3,"46":3,"47":3,"48":3,"49":3,"50":3,"51":3,"52":3,"53":3,"54":3,"55":3,"56":3,"57":3,"58":3,"59":3,"60":3,"61":3,"62":1,"63":3,"64":3,"65":3,"66":3,"67":3,"68":3,"69":3,"70":3,"71":3},"f":{"0":1,"1":3,"2":7,"3":1,"4":0,"5":1},"b":{"0":[3,3]}}
,"D:\\workspace\\pessoal\\node\\project-fair\\src\\app\\dto\\request\\page.base.request.ts": {"path":"D:\\workspace\\pessoal\\node\\project-fair\\src\\app\\dto\\request\\page.base.request.ts","statementMap":{"0":{"start":{"line":1,"column":0},"end":{"line":1,"column":25}},"1":{"start":{"line":2,"column":0},"end":{"line":2,"column":55}},"2":{"start":{"line":3,"column":0},"end":{"line":3,"column":89}},"3":{"start":{"line":4,"column":0},"end":{"line":4,"column":47}},"4":{"start":{"line":31,"column":4},"end":{"line":31,"column":null}},"5":{"start":{"line":38,"column":4},"end":{"line":38,"column":null}},"6":{"start":{"line":43,"column":4},"end":{"line":43,"column":25}},"7":{"start":{"line":46,"column":8},"end":{"line":46,"column":null}},"8":{"start":{"line":50,"column":22},"end":{"line":52,"column":10}},"9":{"start":{"line":53,"column":19},"end":{"line":53,"column":99}},"10":{"start":{"line":54,"column":20},"end":{"line":54,"column":31}},"11":{"start":{"line":55,"column":19},"end":{"line":55,"column":29}},"12":{"start":{"line":56,"column":20},"end":{"line":56,"column":31}},"13":{"start":{"line":57,"column":8},"end":{"line":57,"column":79}},"14":{"start":{"line":25,"column":4},"end":{"line":31,"column":null}},"15":{"start":{"line":25,"column":16},"end":{"line":25,"column":22}},"16":{"start":{"line":33,"column":4},"end":{"line":38,"column":null}},"17":{"start":{"line":33,"column":16},"end":{"line":33,"column":22}},"18":{"start":{"line":40,"column":4},"end":{"line":43,"column":null}},"19":{"start":{"line":23,"column":0},"end":{"line":23,"column":22}}},"fnMap":{"0":{"name":"(anonymous_2)","decl":{"start":{"line":45,"column":4},"end":{"line":45,"column":null}},"loc":{"start":{"line":45,"column":4},"end":{"line":47,"column":5}}},"1":{"name":"(anonymous_3)","decl":{"start":{"line":49,"column":4},"end":{"line":49,"column":10}},"loc":{"start":{"line":49,"column":93},"end":{"line":58,"column":5}}},"2":{"name":"(anonymous_4)","decl":{"start":{"line":25,"column":10},"end":{"line":25,"column":13}},"loc":{"start":{"line":25,"column":16},"end":{"line":25,"column":22}}},"3":{"name":"(anonymous_5)","decl":{"start":{"line":33,"column":10},"end":{"line":33,"column":13}},"loc":{"start":{"line":33,"column":16},"end":{"line":33,"column":22}}}},"branchMap":{"0":{"loc":{"start":{"line":46,"column":20},"end":{"line":46,"column":98}},"type":"cond-expr","locations":[{"start":{"line":46,"column":61},"end":{"line":46,"column":86}},{"start":{"line":46,"column":89},"end":{"line":46,"column":98}}]},"1":{"loc":{"start":{"line":53,"column":19},"end":{"line":53,"column":99}},"type":"cond-expr","locations":[{"start":{"line":53,"column":62},"end":{"line":53,"column":86}},{"start":{"line":53,"column":89},"end":{"line":53,"column":99}}]}},"s":{"0":3,"1":3,"2":3,"3":3,"4":7,"5":7,"6":7,"7":7,"8":3,"9":3,"10":3,"11":3,"12":3,"13":3,"14":3,"15":6,"16":3,"17":6,"18":3,"19":3},"f":{"0":7,"1":3,"2":6,"3":6},"b":{"0":[7,0],"1":[0,3]}}
,"D:\\workspace\\pessoal\\node\\project-fair\\src\\app\\services\\feira.livre.service.ts": {"path":"D:\\workspace\\pessoal\\node\\project-fair\\src\\app\\services\\feira.livre.service.ts","statementMap":{"0":{"start":{"line":1,"column":0},"end":{"line":1,"column":33}},"1":{"start":{"line":2,"column":0},"end":{"line":2,"column":76}},"2":{"start":{"line":3,"column":0},"end":{"line":3,"column":123}},"3":{"start":{"line":4,"column":0},"end":{"line":4,"column":52}},"4":{"start":{"line":5,"column":0},"end":{"line":5,"column":66}},"5":{"start":{"line":7,"column":0},"end":{"line":7,"column":111}},"6":{"start":{"line":8,"column":0},"end":{"line":8,"column":83}},"7":{"start":{"line":9,"column":0},"end":{"line":9,"column":73}},"8":{"start":{"line":10,"column":0},"end":{"line":10,"column":49}},"9":{"start":{"line":13,"column":7},"end":{"line":71,"column":null}},"10":{"start":{"line":16,"column":16},"end":{"line":16,"column":28}},"11":{"start":{"line":20,"column":23},"end":{"line":20,"column":76}},"12":{"start":{"line":21,"column":32},"end":{"line":21,"column":68}},"13":{"start":{"line":23,"column":19},"end":{"line":23,"column":71}},"14":{"start":{"line":24,"column":22},"end":{"line":24,"column":65}},"15":{"start":{"line":25,"column":23},"end":{"line":25,"column":54}},"16":{"start":{"line":26,"column":8},"end":{"line":26,"column":24}},"17":{"start":{"line":30,"column":21},"end":{"line":30,"column":54}},"18":{"start":{"line":31,"column":8},"end":{"line":33,"column":null}},"19":{"start":{"line":32,"column":12},"end":{"line":32,"column":73}},"20":{"start":{"line":34,"column":8},"end":{"line":34,"column":59}},"21":{"start":{"line":38,"column":32},"end":{"line":38,"column":75}},"22":{"start":{"line":39,"column":21},"end":{"line":39,"column":54}},"23":{"start":{"line":40,"column":8},"end":{"line":40,"column":59}},"24":{"start":{"line":44,"column":8},"end":{"line":46,"column":null}},"25":{"start":{"line":45,"column":12},"end":{"line":45,"column":92}},"26":{"start":{"line":47,"column":21},"end":{"line":47,"column":54}},"27":{"start":{"line":48,"column":8},"end":{"line":50,"column":null}},"28":{"start":{"line":49,"column":12},"end":{"line":49,"column":79}},"29":{"start":{"line":51,"column":20},"end":{"line":51,"column":74}},"30":{"start":{"line":52,"column":24},"end":{"line":52,"column":57}},"31":{"start":{"line":53,"column":8},"end":{"line":53,"column":80}},"32":{"start":{"line":57,"column":21},"end":{"line":57,"column":54}},"33":{"start":{"line":58,"column":8},"end":{"line":60,"column":null}},"34":{"start":{"line":59,"column":12},"end":{"line":59,"column":79}},"35":{"start":{"line":61,"column":8},"end":{"line":61,"column":null}},"36":{"start":{"line":65,"column":21},"end":{"line":65,"column":54}},"37":{"start":{"line":66,"column":8},"end":{"line":68,"column":null}},"38":{"start":{"line":67,"column":12},"end":{"line":67,"column":109}},"39":{"start":{"line":69,"column":8},"end":{"line":69,"column":null}},"40":{"start":{"line":13,"column":13},"end":{"line":71,"column":null}},"41":{"start":{"line":13,"column":13},"end":{"line":13,"column":30}}},"fnMap":{"0":{"name":"(anonymous_2)","decl":{"start":{"line":15,"column":4},"end":{"line":15,"column":null}},"loc":{"start":{"line":16,"column":48},"end":{"line":17,"column":7}}},"1":{"name":"(anonymous_3)","decl":{"start":{"line":19,"column":11},"end":{"line":19,"column":16}},"loc":{"start":{"line":19,"column":59},"end":{"line":27,"column":5}}},"2":{"name":"(anonymous_4)","decl":{"start":{"line":29,"column":11},"end":{"line":29,"column":16}},"loc":{"start":{"line":29,"column":31},"end":{"line":35,"column":5}}},"3":{"name":"(anonymous_5)","decl":{"start":{"line":37,"column":11},"end":{"line":37,"column":16}},"loc":{"start":{"line":37,"column":64},"end":{"line":41,"column":5}}},"4":{"name":"(anonymous_6)","decl":{"start":{"line":43,"column":11},"end":{"line":43,"column":16}},"loc":{"start":{"line":43,"column":76},"end":{"line":54,"column":5}}},"5":{"name":"(anonymous_7)","decl":{"start":{"line":56,"column":11},"end":{"line":56,"column":16}},"loc":{"start":{"line":56,"column":34},"end":{"line":62,"column":5}}},"6":{"name":"(anonymous_8)","decl":{"start":{"line":64,"column":11},"end":{"line":64,"column":16}},"loc":{"start":{"line":64,"column":35},"end":{"line":70,"column":5}}}},"branchMap":{"0":{"loc":{"start":{"line":31,"column":8},"end":{"line":33,"column":null}},"type":"if","locations":[{"start":{"line":31,"column":8},"end":{"line":33,"column":null}}]},"1":{"loc":{"start":{"line":44,"column":8},"end":{"line":46,"column":null}},"type":"if","locations":[{"start":{"line":44,"column":8},"end":{"line":46,"column":null}}]},"2":{"loc":{"start":{"line":48,"column":8},"end":{"line":50,"column":null}},"type":"if","locations":[{"start":{"line":48,"column":8},"end":{"line":50,"column":null}}]},"3":{"loc":{"start":{"line":58,"column":8},"end":{"line":60,"column":null}},"type":"if","locations":[{"start":{"line":58,"column":8},"end":{"line":60,"column":null}}]},"4":{"loc":{"start":{"line":66,"column":8},"end":{"line":68,"column":null}},"type":"if","locations":[{"start":{"line":66,"column":8},"end":{"line":68,"column":null}}]}},"s":{"0":1,"1":1,"2":1,"3":1,"4":1,"5":1,"6":1,"7":1,"8":1,"9":1,"10":1,"11":2,"12":2,"13":2,"14":2,"15":2,"16":2,"17":3,"18":3,"19":2,"20":1,"21":1,"22":1,"23":1,"24":3,"25":1,"26":2,"27":2,"28":1,"29":1,"30":1,"31":1,"32":1,"33":1,"34":0,"35":1,"36":2,"37":2,"38":1,"39":1,"40":1,"41":1},"f":{"0":1,"1":2,"2":3,"3":1,"4":3,"5":1,"6":2},"b":{"0":[2],"1":[1],"2":[1],"3":[0],"4":[1]}}
}
