TN:
SF:src\app\dto\request\feira.livre.request.ts
FN:57,(anonymous_2)
FN:104,(anonymous_3)
FN:110,(anonymous_4)
FN:115,(anonymous_5)
FN:166,(anonymous_6)
FN:265,(anonymous_7)
FNF:6
FNH:5
FNDA:1,(anonymous_2)
FNDA:3,(anonymous_3)
FNDA:7,(anonymous_4)
FNDA:1,(anonymous_5)
FNDA:0,(anonymous_6)
FNDA:1,(anonymous_7)
DA:1,3
DA:2,3
DA:3,3
DA:4,3
DA:5,3
DA:6,3
DA:10,3
DA:12,3
DA:16,3
DA:20,3
DA:26,3
DA:32,3
DA:39,3
DA:43,3
DA:50,3
DA:54,3
DA:58,1
DA:63,3
DA:68,3
DA:74,3
DA:80,3
DA:87,3
DA:91,3
DA:95,3
DA:99,3
DA:104,3
DA:105,3
DA:106,3
DA:107,3
DA:110,3
DA:112,3
DA:116,1
DA:119,7
DA:121,3
DA:125,3
DA:129,3
DA:135,3
DA:141,3
DA:148,3
DA:152,3
DA:159,3
DA:163,3
DA:167,0
DA:172,3
DA:177,3
DA:183,3
DA:189,3
DA:196,3
DA:200,3
DA:204,3
DA:208,3
DA:213,3
DA:214,3
DA:218,3
DA:220,3
DA:224,3
DA:228,3
DA:234,3
DA:240,3
DA:247,3
DA:251,3
DA:258,3
DA:262,3
DA:266,1
DA:271,3
DA:276,3
DA:282,3
DA:288,3
DA:295,3
DA:299,3
DA:303,3
DA:307,3
LF:72
LH:71
BRDA:104,0,0,3
BRDA:104,0,1,3
BRF:2
BRH:2
end_of_record
TN:
SF:src\app\dto\request\page.base.request.ts
FN:45,(anonymous_2)
FN:49,(anonymous_3)
FN:25,(anonymous_4)
FN:33,(anonymous_5)
FNF:4
FNH:4
FNDA:7,(anonymous_2)
FNDA:3,(anonymous_3)
FNDA:6,(anonymous_4)
FNDA:6,(anonymous_5)
DA:1,3
DA:2,3
DA:3,3
DA:4,3
DA:23,3
DA:25,6
DA:31,7
DA:33,6
DA:38,7
DA:40,3
DA:43,7
DA:46,7
DA:50,3
DA:53,3
DA:54,3
DA:55,3
DA:56,3
DA:57,3
LF:18
LH:18
BRDA:46,0,0,7
BRDA:46,0,1,0
BRDA:53,1,0,0
BRDA:53,1,1,3
BRF:4
BRH:2
end_of_record
TN:
SF:src\app\services\feira.livre.service.ts
FN:15,(anonymous_2)
FN:19,(anonymous_3)
FN:29,(anonymous_4)
FN:37,(anonymous_5)
FN:43,(anonymous_6)
FN:56,(anonymous_7)
FN:64,(anonymous_8)
FNF:7
FNH:7
FNDA:1,(anonymous_2)
FNDA:2,(anonymous_3)
FNDA:3,(anonymous_4)
FNDA:1,(anonymous_5)
FNDA:3,(anonymous_6)
FNDA:1,(anonymous_7)
FNDA:2,(anonymous_8)
DA:1,1
DA:2,1
DA:3,1
DA:4,1
DA:5,1
DA:7,1
DA:8,1
DA:9,1
DA:10,1
DA:13,1
DA:16,1
DA:20,2
DA:21,2
DA:23,2
DA:24,2
DA:25,2
DA:26,2
DA:30,3
DA:31,3
DA:32,2
DA:34,1
DA:38,1
DA:39,1
DA:40,1
DA:44,3
DA:45,1
DA:47,2
DA:48,2
DA:49,1
DA:51,1
DA:52,1
DA:53,1
DA:57,1
DA:58,1
DA:59,0
DA:61,1
DA:65,2
DA:66,2
DA:67,1
DA:69,1
LF:40
LH:39
BRDA:31,0,0,2
BRDA:44,1,0,1
BRDA:48,2,0,1
BRDA:58,3,0,0
BRDA:66,4,0,1
BRF:5
BRH:4
end_of_record
